<?xml version='1.0' encoding='UTF-8'?>
<testsuite hostname="LAPTOP-O4Q5V1G2" name="Trivial" tests="1" errors="0" failures="0" skipped="0" time="0.056" timestamp="2020-03-27T16:17:39">
                     <properties>
[...]
</properties>
                     <testcase classname="Trivial" name="Running a trivial test should succeed" time="0.056">
                                                 
                                               </testcase>
                     <system-out><![CDATA[]]></system-out>
                     <system-err><![CDATA[]]></system-err>
                   </testsuite>